[Licensing::Module] Trying to connect to existing licensing client channel...
Built from '6000.2/respin/6000.2.7f1-2eb0c79396db' branch; Version is '6000.2.7f2 (2b518236b676) revision 2838914'; Using compiler version '194234433'; Build Type 'Release'
[Licensing::IpcConnector] Successfully connected to: "LicenseClient-BfS14QWMI0jvVr0GP7P49" at "2025-12-04T15:09:14.3427558Z"
OS: 'Windows 11  (10.0.26200) 64bit Core' Language: 'en' Physical Memory: 31962 MB
BatchMode: 1, IsHumanControllingUs: 0, StartBugReporterOnCrash: 0, Is64bit: 1
Date: 2025-12-04T15:09:14Z

COMMAND LINE ARGUMENTS:
C:\Program Files\Unity\Hub\Editor\6000.2.7f2\Editor\Unity.exe
-adb2
-batchMode
-noUpm
-name
AssetImportWorker0
-projectPath
C:/Users/CW/Downloads/VR_Project
-logFile
Logs/AssetImportWorker0.log
-srvPort
34819
-licensingIpc
LicenseClient-BfS14QWMI0jvVr0GP7P49
-job-worker-count
7
-background-job-worker-count
8
-gc-helper-count
1
-name
AssetImport
Successfully changed project path to: C:/Users/CW/Downloads/VR_Project
C:/Users/CW/Downloads/VR_Project
[UnityMemory] Configuration Parameters - Can be set up in boot.config
    "memorysetup-allocator-temp-initial-block-size-main=262144"
    "memorysetup-allocator-temp-initial-block-size-worker=262144"
    "memorysetup-bucket-allocator-granularity=16"
    "memorysetup-bucket-allocator-bucket-count=8"
    "memorysetup-bucket-allocator-block-size=33554432"
    "memorysetup-bucket-allocator-block-count=8"
    "memorysetup-main-allocator-block-size=16777216"
    "memorysetup-thread-allocator-block-size=16777216"
    "memorysetup-gfx-main-allocator-block-size=16777216"
    "memorysetup-gfx-thread-allocator-block-size=16777216"
    "memorysetup-cache-allocator-block-size=4194304"
    "memorysetup-typetree-allocator-block-size=2097152"
    "memorysetup-profiler-bucket-allocator-granularity=16"
    "memorysetup-profiler-bucket-allocator-bucket-count=8"
    "memorysetup-profiler-bucket-allocator-block-size=33554432"
    "memorysetup-profiler-bucket-allocator-block-count=8"
    "memorysetup-profiler-allocator-block-size=16777216"
    "memorysetup-profiler-editor-allocator-block-size=1048576"
    "memorysetup-temp-allocator-size-main=16777216"
    "memorysetup-job-temp-allocator-block-size=2097152"
    "memorysetup-job-temp-allocator-block-size-background=1048576"
    "memorysetup-job-temp-allocator-reduction-small-platforms=262144"
    "memorysetup-temp-allocator-size-background-worker=32768"
    "memorysetup-temp-allocator-size-job-worker=262144"
    "memorysetup-temp-allocator-size-preload-manager=33554432"
    "memorysetup-temp-allocator-size-nav-mesh-worker=65536"
    "memorysetup-temp-allocator-size-audio-worker=65536"
    "memorysetup-temp-allocator-size-cloud-worker=32768"
    "memorysetup-temp-allocator-size-gi-baking-worker=262144"
    "memorysetup-temp-allocator-size-gi-baking-worker=262144"
    "memorysetup-temp-allocator-size-gi-baking-worker=262144"
    "memorysetup-temp-allocator-size-gi-baking-worker=262144"
    "memorysetup-temp-allocator-size-gi-baking-worker=262144"
    "memorysetup-temp-allocator-size-gfx=262144"
Player connection [46604]  Target information:

Player connection [46604]  * "[IP] 192.168.1.8 [Port] 0 [Flags] 2 [Guid] 3321697885 [EditorId] 3321697885 [Version] 1048832 [Id] WindowsEditor(7,DESKTOP-0F2NBVL) [Debug] 1 [PackageName] WindowsEditor [ProjectName] Editor" 

Player connection [46604] Host joined multi-casting on [225.0.0.222:54997]...
Player connection [46604] Host joined alternative multi-casting on [225.0.0.222:34997]...
JobSystem: Creating JobQueue using job-worker-count value 7
Input System module state changed to: Initialized.
[Physics::Module] Initialized fallback backend.
[Physics::Module] Id: 0xdecafbad
[Licensing::Client] Code 10 while verifying Licensing Client signature (process Id: 38644, path: "C:/Program Files/Unity Hub/UnityLicensingClient_V1/Unity.Licensing.Client.exe")
[Licensing::Module] LicensingClient has failed validation; ignoring
[Licensing::Client] Handshaking with LicensingClient:
  Version:                 1.17.3+a4e98f1
  Session Id:              c121584d4b43441b8c016089ee195a30
  Correlation Id:          eb539c6ffa340699d913d421efffb3fb
  External correlation Id: 3727920535841676466
  Machine Id:              QApmZq29OPugsU641MBy+VncMsM=
[Licensing::Module] Successfully connected to LicensingClient on channel: "LicenseClient-BfS14QWMI0jvVr0GP7P49" (connect: 0.00s, validation: 0.00s, handshake: 0.03s)
[Licensing::IpcConnector] Successfully connected to: "LicenseClient-BfS14QWMI0jvVr0GP7P49-notifications" at "2025-12-04T15:09:14.377901Z"
[Licensing::Module] Licensing Background thread has ended after 0.04s
Library Redirect Path: Library/
[Physics::Module] Selected backend.
[Physics::Module] Name: PhysX
[Physics::Module] Id: 0xf2b8ea05
[Physics::Module] SDK Version: 4.1.2
[Physics::Module] Integration Version: 1.0.0
[Physics::Module] Threading Mode: Multi-Threaded
Refreshing native plugins compatible for Editor in 15.78 ms, found 12 plugins.
Preloading 1 native plugins for Editor in 0.55 ms.
Initialize engine version: 6000.2.7f2 (2b518236b676)
[Subsystems] Discovering subsystems at path C:/Program Files/Unity/Hub/Editor/6000.2.7f2/Editor/Data/Resources/UnitySubsystems
[Subsystems] Discovering subsystems at path C:/Users/CW/Downloads/VR_Project/Assets
GfxDevice: creating device client; kGfxThreadingModeNonThreaded
Direct3D:
    Version:  Direct3D 11.0 [level 11.1]
    Renderer: NVIDIA GeForce RTX 5070 (ID=0x2f04)
    Vendor:   NVIDIA
    VRAM:     11855 MB
    Driver:   32.0.15.8180
Initialize mono
Mono path[0] = 'C:/Program Files/Unity/Hub/Editor/6000.2.7f2/Editor/Data/Managed'
Mono path[1] = 'C:/Program Files/Unity/Hub/Editor/6000.2.7f2/Editor/Data/MonoBleedingEdge/lib/mono/unityjit-win32'
Mono config path = 'C:/Program Files/Unity/Hub/Editor/6000.2.7f2/Editor/Data/MonoBleedingEdge/etc'
Using monoOptions --debugger-agent=transport=dt_socket,embedding=1,server=y,suspend=n,address=127.0.0.1:56948
Begin MonoManager ReloadAssembly
Registering precompiled unity dll's ...
Register platform support module: C:/Program Files/Unity/Hub/Editor/6000.2.7f2/Editor/Data/PlaybackEngines/WindowsStandaloneSupport/UnityEditor.WindowsStandalone.Extensions.dll
Registered in 0.001366 seconds.
- Loaded All Assemblies, in  0.279 seconds
Native extension for WindowsStandalone target not found
Mono: successfully reloaded assembly
- Finished resetting the current domain, in  0.242 seconds
Domain Reload Profiling: 518ms
	BeginReloadAssembly (88ms)
		ExecutionOrderSort (0ms)
		DisableScriptedObjects (0ms)
		BackupInstance (0ms)
		ReleaseScriptingObjects (0ms)
		CreateAndSetChildDomain (1ms)
	RebuildCommonClasses (26ms)
	RebuildNativeTypeToScriptingClass (9ms)
	initialDomainReloadingComplete (39ms)
	LoadAllAssembliesAndSetupDomain (115ms)
		LoadAssemblies (85ms)
		RebuildTransferFunctionScriptingTraits (0ms)
		AnalyzeDomain (113ms)
			TypeCache.Refresh (111ms)
				TypeCache.ScanAssembly (102ms)
			BuildScriptInfoCaches (0ms)
			ResolveRequiredComponents (0ms)
	FinalizeReload (242ms)
		ReleaseScriptCaches (0ms)
		RebuildScriptCaches (0ms)
		SetupLoadedEditorAssemblies (215ms)
			LogAssemblyErrors (0ms)
			InitializePlatformSupportModulesInManaged (35ms)
			SetLoadedEditorAssemblies (3ms)
			BeforeProcessingInitializeOnLoad (44ms)
			ProcessInitializeOnLoadAttributes (93ms)
			ProcessInitializeOnLoadMethodAttributes (40ms)
			AfterProcessingInitializeOnLoad (0ms)
			EditorAssembliesLoaded (0ms)
		ExecutionOrderSort2 (0ms)
		AwakeInstancesAfterBackupRestoration (0ms)
========================================================================
Worker process is ready to serve import requests
Import Worker Mode flag is 0x00
Begin MonoManager ReloadAssembly
[Licensing::Client] Successfully resolved entitlement details
[Licensing::Module] License group:
  Id: 5773872166307-UnityPersXXXX
  Product: Unity Personal
  Type: Assigned
  Expiration: Unlimited
- Loaded All Assemblies, in  0.516 seconds
Refreshing native plugins compatible for Editor in 8.10 ms, found 12 plugins.
Native extension for WindowsStandalone target not found
Package Manager log level set to [2]
[Package Manager] Failed to launch server process. Reason: Unity was launched with the -noUpm command-line argument
[Package Manager] Unable to send message (not connected to server process).
[Package Manager] Cannot connect to Unity Package Manager local server
System.Reflection.TargetInvocationException: Exception has been thrown by the target of an invocation. ---> System.NullReferenceException: Object reference not set to an instance of an object
  at Unity.XR.Oculus.OculusLoader.AssetPathToAbsolutePath (System.String assetPath) [0x0003d] in .\Library\PackageCache\com.unity.xr.oculus@44578ba4bd45\Runtime\OculusLoader.cs:312 
  at Unity.XR.Oculus.OculusLoader.EditorLoadOVRPlugin () [0x0008c] in .\Library\PackageCache\com.unity.xr.oculus@44578ba4bd45\Runtime\OculusLoader.cs:297 
  at (wrapper managed-to-native) System.Reflection.RuntimeMethodInfo.InternalInvoke(System.Reflection.RuntimeMethodInfo,object,object[],System.Exception&)
  at System.Reflection.RuntimeMethodInfo.Invoke (System.Object obj, System.Reflection.BindingFlags invokeAttr, System.Reflection.Binder binder, System.Object[] parameters, System.Globalization.CultureInfo culture) [0x0006a] in <59bd7c40c082431db25e1e728ab62789>:0 
   --- End of inner exception stack trace ---
  at System.Reflection.RuntimeMethodInfo.Invoke (System.Object obj, System.Reflection.BindingFlags invokeAttr, System.Reflection.Binder binder, System.Object[] parameters, System.Globalization.CultureInfo culture) [0x00083] in <59bd7c40c082431db25e1e728ab62789>:0 
  at System.Reflection.MethodBase.Invoke (System.Object obj, System.Object[] parameters) [0x00000] in <59bd7c40c082431db25e1e728ab62789>:0 
  at UnityEditor.EditorAssemblies.ProcessInitializeOnLoadMethodAttributes () [0x00087] in <0f0e3f0466c5408ea28e69768919d41d>:0 
UnityEngine.Debug:ExtractStackTraceNoAlloc (byte*,int,string)
UnityEngine.StackTraceUtility:ExtractStackTrace ()
UnityEngine.DebugLogHandler:Internal_Log (UnityEngine.LogType,UnityEngine.LogOption,string,UnityEngine.Object)
UnityEngine.DebugLogHandler:LogFormat (UnityEngine.LogType,UnityEngine.Object,string,object[])
UnityEngine.Logger:Log (UnityEngine.LogType,object)
UnityEngine.Debug:LogError (object)
UnityEditor.EditorAssemblies:ProcessInitializeOnLoadMethodAttributes ()

Mono: successfully reloaded assembly
[Package Manager] Failed to launch server process. Reason: Unity was launched with the -noUpm command-line argument
[Package Manager] Unable to send message (not connected to server process).
[Package Manager] Cannot connect to Unity Package Manager local server
[Package Manager] Failed to launch server process. Reason: Unity was launched with the -noUpm command-line argument
[Package Manager] Unable to send message (not connected to server process).
[Package Manager] Cannot connect to Unity Package Manager local server
- Finished resetting the current domain, in  0.576 seconds
Domain Reload Profiling: 1088ms
	BeginReloadAssembly (137ms)
		ExecutionOrderSort (0ms)
		DisableScriptedObjects (5ms)
		BackupInstance (0ms)
		ReleaseScriptingObjects (0ms)
		CreateAndSetChildDomain (29ms)
	RebuildCommonClasses (31ms)
	RebuildNativeTypeToScriptingClass (10ms)
	initialDomainReloadingComplete (30ms)
	LoadAllAssembliesAndSetupDomain (304ms)
		LoadAssemblies (223ms)
		RebuildTransferFunctionScriptingTraits (0ms)
		AnalyzeDomain (149ms)
			TypeCache.Refresh (119ms)
				TypeCache.ScanAssembly (109ms)
			BuildScriptInfoCaches (24ms)
			ResolveRequiredComponents (4ms)
	FinalizeReload (576ms)
		ReleaseScriptCaches (0ms)
		RebuildScriptCaches (0ms)
		SetupLoadedEditorAssemblies (490ms)
			LogAssemblyErrors (0ms)
			InitializePlatformSupportModulesInManaged (1ms)
			SetLoadedEditorAssemblies (2ms)
			BeforeProcessingInitializeOnLoad (86ms)
			ProcessInitializeOnLoadAttributes (346ms)
			ProcessInitializeOnLoadMethodAttributes (50ms)
			AfterProcessingInitializeOnLoad (5ms)
			EditorAssembliesLoaded (0ms)
		ExecutionOrderSort2 (0ms)
		AwakeInstancesAfterBackupRestoration (4ms)
Launched and connected shader compiler UnityShaderCompiler.exe after 0.01 seconds
Refreshing native plugins compatible for Editor in 8.09 ms, found 12 plugins.
Preloading 1 native plugins for Editor in 0.07 ms.
Unloading 0 Unused Serialized files (Serialized files now loaded: 0)
Unloading 4284 unused Assets / (1.1 MB). Loaded Objects now: 4788.
Memory consumption went from 85.9 MB to 84.8 MB.
Total: 5.245700 ms (FindLiveObjects: 0.375300 ms CreateObjectMapping: 0.271900 ms MarkObjects: 3.777500 ms  DeleteObjects: 0.820200 ms)

========================================================================
Received Import Request.
  Time since last request: 8490.644221 seconds.
  path: Assets/XR/Settings/OpenXRPackageSettings.asset
  artifactKey: Guid(b8050d9eb74e2eb46a3d0fed6f6d570c) Importer(2089858483,192608db42251d675da83286b1cce702)
Start importing Assets/XR/Settings/OpenXRPackageSettings.asset using Guid(b8050d9eb74e2eb46a3d0fed6f6d570c) Importer(2089858483,192608db42251d675da83286b1cce702) (ScriptedImporter) -> (artifact id: 'b7a08153e551f3b23ac3d9c736940d61') in 0.1057607 seconds
Number of updated asset objects reloaded before import = 0Number of asset objects unloaded after import = 1

========================================================================
Received Import Request.
  Time since last request: 0.448725 seconds.
  path: Assets/Environment/Hallway/Hallway.fbx
  artifactKey: Guid(a2e387eb226aa6044aac55b8a2feb16c) Importer(2089858483,192608db42251d675da83286b1cce702)
Start importing Assets/Environment/Hallway/Hallway.fbx using Guid(a2e387eb226aa6044aac55b8a2feb16c) Importer(2089858483,192608db42251d675da83286b1cce702) (ScriptedImporter) -> (artifact id: 'f76019348d2666dbef7439c33b34a162') in 0.0423406 seconds
Number of updated asset objects reloaded before import = 0Number of asset objects unloaded after import = 34

========================================================================
Received Import Request.
  Time since last request: 0.482521 seconds.
  path: Assets/Environment/Hallway
  artifactKey: Guid(5c55f096fdef15c4e8ded74917eed968) Importer(2089858483,192608db42251d675da83286b1cce702)
Start importing Assets/Environment/Hallway using Guid(5c55f096fdef15c4e8ded74917eed968) Importer(2089858483,192608db42251d675da83286b1cce702) (ScriptedImporter) -> (artifact id: 'c8b0688c07c560988a14973814fa7598') in 0.0106452 seconds
Number of updated asset objects reloaded before import = 0Number of asset objects unloaded after import = 1

========================================================================
Received Import Request.
  Time since last request: 5.573643 seconds.
  path: Assets/Environment/Hallway/wood_floor_diff_4k.jpg
  artifactKey: Guid(1a10ce3b7ec35994593570ea9bf949bf) Importer(815301076,1909f56bfc062723c751e8b465ee728b)
Start importing Assets/Environment/Hallway/wood_floor_diff_4k.jpg using Guid(1a10ce3b7ec35994593570ea9bf949bf) Importer(815301076,1909f56bfc062723c751e8b465ee728b) (PreviewImporter) -> (artifact id: '14aabae6a5003461de1a550780b8ffd8') in 0.0473915 seconds
Number of updated asset objects reloaded before import = 0Number of asset objects unloaded after import = 2

========================================================================
Received Import Request.
  Time since last request: 0.950152 seconds.
  path: Assets/Environment/Hallway/wood_floor_diff_4k.jpg
  artifactKey: Guid(1a10ce3b7ec35994593570ea9bf949bf) Importer(2089858483,192608db42251d675da83286b1cce702)
Start importing Assets/Environment/Hallway/wood_floor_diff_4k.jpg using Guid(1a10ce3b7ec35994593570ea9bf949bf) Importer(2089858483,192608db42251d675da83286b1cce702) (ScriptedImporter) -> (artifact id: 'c341b86b57d1ba6f93414d7192641e5e') in 0.0465978 seconds
Number of updated asset objects reloaded before import = 0Number of asset objects unloaded after import = 1

========================================================================
Received Import Request.
  Time since last request: 1.964111 seconds.
  path: Assets/Environment/Hallway/wood_floor_nor_gl_4k.exr
  artifactKey: Guid(aedbc64eed4e0b140aebf46a7aa51c5e) Importer(815301076,1909f56bfc062723c751e8b465ee728b)
Start importing Assets/Environment/Hallway/wood_floor_nor_gl_4k.exr using Guid(aedbc64eed4e0b140aebf46a7aa51c5e) Importer(815301076,1909f56bfc062723c751e8b465ee728b) (PreviewImporter) -> (artifact id: '724f71c05e901ce563c600b84851f319') in 0.0167391 seconds
Number of updated asset objects reloaded before import = 0Number of asset objects unloaded after import = 2

========================================================================
Received Import Request.
  Time since last request: 1.025697 seconds.
  path: Assets/Environment/Hallway/wood_floor_nor_gl_4k.exr
  artifactKey: Guid(aedbc64eed4e0b140aebf46a7aa51c5e) Importer(2089858483,192608db42251d675da83286b1cce702)
Start importing Assets/Environment/Hallway/wood_floor_nor_gl_4k.exr using Guid(aedbc64eed4e0b140aebf46a7aa51c5e) Importer(2089858483,192608db42251d675da83286b1cce702) (ScriptedImporter) -> (artifact id: '45722ac1f68a27d4f2c619e756866384') in 0.0187394 seconds
Number of updated asset objects reloaded before import = 0Number of asset objects unloaded after import = 1

========================================================================
Received Import Request.
  Time since last request: 3.349793 seconds.
  path: Assets/Environment/Hallway/wood_floor_disp_4k.png
  artifactKey: Guid(afcaae505b108264f8f562a6b378a816) Importer(815301076,1909f56bfc062723c751e8b465ee728b)
Start importing Assets/Environment/Hallway/wood_floor_disp_4k.png using Guid(afcaae505b108264f8f562a6b378a816) Importer(815301076,1909f56bfc062723c751e8b465ee728b) (PreviewImporter) -> (artifact id: '09eb9165456f3fd2b21c71f1fa69beeb') in 0.0133215 seconds
Number of updated asset objects reloaded before import = 0Number of asset objects unloaded after import = 2

========================================================================
Received Import Request.
  Time since last request: 0.963888 seconds.
  path: Assets/Environment/Hallway/wood_floor_disp_4k.png
  artifactKey: Guid(afcaae505b108264f8f562a6b378a816) Importer(2089858483,192608db42251d675da83286b1cce702)
Start importing Assets/Environment/Hallway/wood_floor_disp_4k.png using Guid(afcaae505b108264f8f562a6b378a816) Importer(2089858483,192608db42251d675da83286b1cce702) (ScriptedImporter) -> (artifact id: 'd043a5a367fe7f9075b985ee3b598ecd') in 0.0177557 seconds
Number of updated asset objects reloaded before import = 0Number of asset objects unloaded after import = 1

========================================================================
Received Import Request.
  Time since last request: 17.854736 seconds.
  path: Assets/Environment/Picture Frame
  artifactKey: Guid(842a363c836e538469c6689d4693a9e7) Importer(815301076,1909f56bfc062723c751e8b465ee728b)
Start importing Assets/Environment/Picture Frame using Guid(842a363c836e538469c6689d4693a9e7) Importer(815301076,1909f56bfc062723c751e8b465ee728b) (PreviewImporter) -> (artifact id: 'aad8d94e55cf7eada374cb8d6f629c00') in 0.0008038 seconds
Number of updated asset objects reloaded before import = 0Number of asset objects unloaded after import = 0

========================================================================
Received Import Request.
  Time since last request: 0.968077 seconds.
  path: Assets/Environment/Picture Frame
  artifactKey: Guid(842a363c836e538469c6689d4693a9e7) Importer(2089858483,192608db42251d675da83286b1cce702)
Start importing Assets/Environment/Picture Frame using Guid(842a363c836e538469c6689d4693a9e7) Importer(2089858483,192608db42251d675da83286b1cce702) (ScriptedImporter) -> (artifact id: '69d572f78863f42dd398b085b62ca5bc') in 0.0120136 seconds
Number of updated asset objects reloaded before import = 0Number of asset objects unloaded after import = 1

========================================================================
Received Import Request.
  Time since last request: 2.895420 seconds.
  path: Assets/Environment/Picture Frame/PictureFrame.fbx
  artifactKey: Guid(ef1832b3e6e1eee42926f36edf910826) Importer(2089858483,192608db42251d675da83286b1cce702)
Start importing Assets/Environment/Picture Frame/PictureFrame.fbx using Guid(ef1832b3e6e1eee42926f36edf910826) Importer(2089858483,192608db42251d675da83286b1cce702) (ScriptedImporter) -> (artifact id: 'c3999bedff28061a61262cc3a5725e0f') in 0.0257672 seconds
Number of updated asset objects reloaded before import = 0Number of asset objects unloaded after import = 16

========================================================================
Received Import Request.
  Time since last request: 12.622768 seconds.
  path: Assets/Environment/Picture Frame/wood_floor_diff_4k.jpg
  artifactKey: Guid(18dd1d961ae0bc740b32fdab1956523a) Importer(815301076,1909f56bfc062723c751e8b465ee728b)
Start importing Assets/Environment/Picture Frame/wood_floor_diff_4k.jpg using Guid(18dd1d961ae0bc740b32fdab1956523a) Importer(815301076,1909f56bfc062723c751e8b465ee728b) (PreviewImporter) -> (artifact id: '09f633b46e798c567e0f7cc7035c305b') in 0.0127727 seconds
Number of updated asset objects reloaded before import = 0Number of asset objects unloaded after import = 2

========================================================================
Received Import Request.
  Time since last request: 1.058927 seconds.
  path: Assets/Environment/Picture Frame/wood_floor_diff_4k.jpg
  artifactKey: Guid(18dd1d961ae0bc740b32fdab1956523a) Importer(2089858483,192608db42251d675da83286b1cce702)
Start importing Assets/Environment/Picture Frame/wood_floor_diff_4k.jpg using Guid(18dd1d961ae0bc740b32fdab1956523a) Importer(2089858483,192608db42251d675da83286b1cce702) (ScriptedImporter) -> (artifact id: '54f964da404edeb9a136bf63e4cd0905') in 0.0161396 seconds
Number of updated asset objects reloaded before import = 0Number of asset objects unloaded after import = 1

========================================================================
Received Import Request.
  Time since last request: 2.655870 seconds.
  path: Assets/Environment/Picture Frame/wood_floor_disp_4k.png
  artifactKey: Guid(c12f523cc2b4e6841bde05769b01f6c0) Importer(815301076,1909f56bfc062723c751e8b465ee728b)
Start importing Assets/Environment/Picture Frame/wood_floor_disp_4k.png using Guid(c12f523cc2b4e6841bde05769b01f6c0) Importer(815301076,1909f56bfc062723c751e8b465ee728b) (PreviewImporter) -> (artifact id: '4b3f7771941d8633a62aa740b354e06e') in 0.0129146 seconds
Number of updated asset objects reloaded before import = 0Number of asset objects unloaded after import = 2

========================================================================
Received Import Request.
  Time since last request: 1.002707 seconds.
  path: Assets/Environment/Picture Frame/wood_floor_disp_4k.png
  artifactKey: Guid(c12f523cc2b4e6841bde05769b01f6c0) Importer(2089858483,192608db42251d675da83286b1cce702)
Start importing Assets/Environment/Picture Frame/wood_floor_disp_4k.png using Guid(c12f523cc2b4e6841bde05769b01f6c0) Importer(2089858483,192608db42251d675da83286b1cce702) (ScriptedImporter) -> (artifact id: '60c35e63f169b87f4ee693eade346266') in 0.0173103 seconds
Number of updated asset objects reloaded before import = 0Number of asset objects unloaded after import = 1

========================================================================
Received Import Request.
  Time since last request: 1.565116 seconds.
  path: Assets/Environment/Picture Frame/wood_floor_nor_gl_4k.exr
  artifactKey: Guid(dad676641c29ae14f84d8543a9d2d6b0) Importer(815301076,1909f56bfc062723c751e8b465ee728b)
Start importing Assets/Environment/Picture Frame/wood_floor_nor_gl_4k.exr using Guid(dad676641c29ae14f84d8543a9d2d6b0) Importer(815301076,1909f56bfc062723c751e8b465ee728b) (PreviewImporter) -> (artifact id: '6d1faf27b9da41b75a5f7956147cd56a') in 0.0073039 seconds
Number of updated asset objects reloaded before import = 0Number of asset objects unloaded after import = 2

========================================================================
Received Import Request.
  Time since last request: 1.009924 seconds.
  path: Assets/Environment/Picture Frame/wood_floor_nor_gl_4k.exr
  artifactKey: Guid(dad676641c29ae14f84d8543a9d2d6b0) Importer(2089858483,192608db42251d675da83286b1cce702)
Start importing Assets/Environment/Picture Frame/wood_floor_nor_gl_4k.exr using Guid(dad676641c29ae14f84d8543a9d2d6b0) Importer(2089858483,192608db42251d675da83286b1cce702) (ScriptedImporter) -> (artifact id: '2bcd047f77ca21422faf37e359e10989') in 0.0206932 seconds
Number of updated asset objects reloaded before import = 0Number of asset objects unloaded after import = 1

========================================================================
Received Import Request.
  Time since last request: 6.678738 seconds.
  path: Assets/Environment/Picture Frame/PictureFrame.fbx
  artifactKey: Guid(ef1832b3e6e1eee42926f36edf910826) Importer(815301076,1909f56bfc062723c751e8b465ee728b)
Start importing Assets/Environment/Picture Frame/PictureFrame.fbx using Guid(ef1832b3e6e1eee42926f36edf910826) Importer(815301076,1909f56bfc062723c751e8b465ee728b) (PreviewImporter) -> (artifact id: 'cf99e5de2e1c324a4499eca3683080a3') in 0.0850323 seconds
Number of updated asset objects reloaded before import = 0Number of asset objects unloaded after import = 16

========================================================================
Received Import Request.
  Time since last request: 0.000020 seconds.
  path: Assets/Environment/Picture Frame/wood_floor.mat
  artifactKey: Guid(cd6ce5bd4cc27f44ea160a8e0139eff3) Importer(815301076,1909f56bfc062723c751e8b465ee728b)
Start importing Assets/Environment/Picture Frame/wood_floor.mat using Guid(cd6ce5bd4cc27f44ea160a8e0139eff3) Importer(815301076,1909f56bfc062723c751e8b465ee728b) (PreviewImporter) -> (artifact id: 'd08b0faedacfab293fc5d3057fb5eef3') in 0.027098 seconds
Number of updated asset objects reloaded before import = 0Number of asset objects unloaded after import = 1

========================================================================
Received Import Request.
  Time since last request: 0.858469 seconds.
  path: Assets/Environment/Picture Frame/Picture.mat
  artifactKey: Guid(0afed65c57caa8445863f96ec6c3e234) Importer(2089858483,192608db42251d675da83286b1cce702)
Start importing Assets/Environment/Picture Frame/Picture.mat using Guid(0afed65c57caa8445863f96ec6c3e234) Importer(2089858483,192608db42251d675da83286b1cce702) (ScriptedImporter) -> (artifact id: 'f5beceebca076ab02e88688ed27b5406') in 0.0125406 seconds
Number of updated asset objects reloaded before import = 0Number of asset objects unloaded after import = 1

========================================================================
Received Import Request.
  Time since last request: 16.246215 seconds.
  path: Assets/Environment/Picture Frame/wood_floor_nor_gl_4k.exr
  artifactKey: Guid(dad676641c29ae14f84d8543a9d2d6b0) Importer(815301076,1909f56bfc062723c751e8b465ee728b)
Start importing Assets/Environment/Picture Frame/wood_floor_nor_gl_4k.exr using Guid(dad676641c29ae14f84d8543a9d2d6b0) Importer(815301076,1909f56bfc062723c751e8b465ee728b) (PreviewImporter) -> (artifact id: 'c526752053cdf10cd815ab6017b06c0a') in 0.021112 seconds
Number of updated asset objects reloaded before import = 0Number of asset objects unloaded after import = 2

========================================================================
Received Import Request.
  Time since last request: 43.205862 seconds.
  path: Assets/Environment/Picture Frame/wood_floor.mat
  artifactKey: Guid(cd6ce5bd4cc27f44ea160a8e0139eff3) Importer(2089858483,192608db42251d675da83286b1cce702)
Start importing Assets/Environment/Picture Frame/wood_floor.mat using Guid(cd6ce5bd4cc27f44ea160a8e0139eff3) Importer(2089858483,192608db42251d675da83286b1cce702) (ScriptedImporter) -> (artifact id: '5d1158d3b91ce4c2470862eac7b264d4') in 0.0381695 seconds
Number of updated asset objects reloaded before import = 0Number of asset objects unloaded after import = 4

